<?xml version="1.0" encoding="UTF-8"?>
<testsuite xmlns:xsi="http://www.w3.org/2001/XMLSchema-instance" xsi:noNamespaceSchemaLocation="https://maven.apache.org/surefire/maven-surefire-plugin/xsd/surefire-test-report-3.0.xsd" version="3.0" name="TestSuite" time="9.216" tests="1" errors="0" skipped="0" failures="0">
  <properties>
    <property name="java.specification.version" value="21"/>
    <property name="sun.cpu.isalist" value="amd64"/>
    <property name="sun.jnu.encoding" value="Cp1252"/>
    <property name="java.class.path" value="c:\Users\2438044\OneDrive - Cognizant\Desktop\repositories\java-training\xyzbank\target\test-classes;c:\Users\2438044\OneDrive - Cognizant\Desktop\repositories\java-training\xyzbank\target\classes;C:\Users\2438044\.m2\repository\org\seleniumhq\selenium\selenium-java\4.36.0\selenium-java-4.36.0.jar;C:\Users\2438044\.m2\repository\org\seleniumhq\selenium\selenium-api\4.36.0\selenium-api-4.36.0.jar;C:\Users\2438044\.m2\repository\org\jspecify\jspecify\1.0.0\jspecify-1.0.0.jar;C:\Users\2438044\.m2\repository\org\seleniumhq\selenium\selenium-chrome-driver\4.36.0\selenium-chrome-driver-4.36.0.jar;C:\Users\2438044\.m2\repository\com\google\auto\service\auto-service-annotations\1.1.1\auto-service-annotations-1.1.1.jar;C:\Users\2438044\.m2\repository\org\seleniumhq\selenium\selenium-chromium-driver\4.36.0\selenium-chromium-driver-4.36.0.jar;C:\Users\2438044\.m2\repository\org\seleniumhq\selenium\selenium-json\4.36.0\selenium-json-4.36.0.jar;C:\Users\2438044\.m2\repository\org\seleniumhq\selenium\selenium-manager\4.36.0\selenium-manager-4.36.0.jar;C:\Users\2438044\.m2\repository\org\seleniumhq\selenium\selenium-devtools-v138\4.36.0\selenium-devtools-v138-4.36.0.jar;C:\Users\2438044\.m2\repository\org\seleniumhq\selenium\selenium-devtools-v139\4.36.0\selenium-devtools-v139-4.36.0.jar;C:\Users\2438044\.m2\repository\org\seleniumhq\selenium\selenium-devtools-v140\4.36.0\selenium-devtools-v140-4.36.0.jar;C:\Users\2438044\.m2\repository\org\seleniumhq\selenium\selenium-edge-driver\4.36.0\selenium-edge-driver-4.36.0.jar;C:\Users\2438044\.m2\repository\org\seleniumhq\selenium\selenium-firefox-driver\4.36.0\selenium-firefox-driver-4.36.0.jar;C:\Users\2438044\.m2\repository\org\seleniumhq\selenium\selenium-http\4.36.0\selenium-http-4.36.0.jar;C:\Users\2438044\.m2\repository\org\seleniumhq\selenium\selenium-ie-driver\4.36.0\selenium-ie-driver-4.36.0.jar;C:\Users\2438044\.m2\repository\org\seleniumhq\selenium\selenium-remote-driver\4.36.0\selenium-remote-driver-4.36.0.jar;C:\Users\2438044\.m2\repository\com\google\guava\guava\33.5.0-jre\guava-33.5.0-jre.jar;C:\Users\2438044\.m2\repository\com\google\guava\failureaccess\1.0.3\failureaccess-1.0.3.jar;C:\Users\2438044\.m2\repository\com\google\guava\listenablefuture\9999.0-empty-to-avoid-conflict-with-guava\listenablefuture-9999.0-empty-to-avoid-conflict-with-guava.jar;C:\Users\2438044\.m2\repository\com\google\errorprone\error_prone_annotations\2.41.0\error_prone_annotations-2.41.0.jar;C:\Users\2438044\.m2\repository\com\google\j2objc\j2objc-annotations\3.1\j2objc-annotations-3.1.jar;C:\Users\2438044\.m2\repository\io\opentelemetry\opentelemetry-api\1.54.0\opentelemetry-api-1.54.0.jar;C:\Users\2438044\.m2\repository\io\opentelemetry\opentelemetry-context\1.54.0\opentelemetry-context-1.54.0.jar;C:\Users\2438044\.m2\repository\io\opentelemetry\opentelemetry-common\1.54.0\opentelemetry-common-1.54.0.jar;C:\Users\2438044\.m2\repository\io\opentelemetry\opentelemetry-exporter-logging\1.54.0\opentelemetry-exporter-logging-1.54.0.jar;C:\Users\2438044\.m2\repository\io\opentelemetry\opentelemetry-sdk-common\1.54.0\opentelemetry-sdk-common-1.54.0.jar;C:\Users\2438044\.m2\repository\io\opentelemetry\opentelemetry-sdk-extension-autoconfigure-spi\1.54.0\opentelemetry-sdk-extension-autoconfigure-spi-1.54.0.jar;C:\Users\2438044\.m2\repository\io\opentelemetry\opentelemetry-sdk-extension-autoconfigure\1.54.0\opentelemetry-sdk-extension-autoconfigure-1.54.0.jar;C:\Users\2438044\.m2\repository\io\opentelemetry\opentelemetry-sdk-trace\1.54.0\opentelemetry-sdk-trace-1.54.0.jar;C:\Users\2438044\.m2\repository\io\opentelemetry\opentelemetry-sdk\1.54.0\opentelemetry-sdk-1.54.0.jar;C:\Users\2438044\.m2\repository\io\opentelemetry\opentelemetry-sdk-metrics\1.54.0\opentelemetry-sdk-metrics-1.54.0.jar;C:\Users\2438044\.m2\repository\io\opentelemetry\opentelemetry-sdk-logs\1.54.0\opentelemetry-sdk-logs-1.54.0.jar;C:\Users\2438044\.m2\repository\net\bytebuddy\byte-buddy\1.17.7\byte-buddy-1.17.7.jar;C:\Users\2438044\.m2\repository\org\seleniumhq\selenium\selenium-os\4.36.0\selenium-os-4.36.0.jar;C:\Users\2438044\.m2\repository\org\apache\commons\commons-exec\1.5.0\commons-exec-1.5.0.jar;C:\Users\2438044\.m2\repository\org\seleniumhq\selenium\selenium-safari-driver\4.36.0\selenium-safari-driver-4.36.0.jar;C:\Users\2438044\.m2\repository\org\seleniumhq\selenium\selenium-support\4.36.0\selenium-support-4.36.0.jar;C:\Users\2438044\.m2\repository\org\testng\testng\7.11.0\testng-7.11.0.jar;C:\Users\2438044\.m2\repository\org\slf4j\slf4j-api\2.0.16\slf4j-api-2.0.16.jar;C:\Users\2438044\.m2\repository\org\jcommander\jcommander\1.83\jcommander-1.83.jar;C:\Users\2438044\.m2\repository\org\webjars\jquery\3.7.1\jquery-3.7.1.jar;C:\Users\2438044\.m2\repository\commons-io\commons-io\2.16.1\commons-io-2.16.1.jar;C:\Users\2438044\.m2\repository\io\cucumber\cucumber-java\7.30.0\cucumber-java-7.30.0.jar;C:\Users\2438044\.m2\repository\io\cucumber\cucumber-core\7.30.0\cucumber-core-7.30.0.jar;C:\Users\2438044\.m2\repository\io\cucumber\cucumber-gherkin\7.30.0\cucumber-gherkin-7.30.0.jar;C:\Users\2438044\.m2\repository\io\cucumber\cucumber-gherkin-messages\7.30.0\cucumber-gherkin-messages-7.30.0.jar;C:\Users\2438044\.m2\repository\io\cucumber\gherkin\35.1.0\gherkin-35.1.0.jar;C:\Users\2438044\.m2\repository\org\assertj\assertj-core\3.27.5\assertj-core-3.27.5.jar;C:\Users\2438044\.m2\repository\io\cucumber\messages\29.0.1\messages-29.0.1.jar;C:\Users\2438044\.m2\repository\io\cucumber\pretty-formatter\2.3.0\pretty-formatter-2.3.0.jar;C:\Users\2438044\.m2\repository\io\cucumber\query\14.5.0\query-14.5.0.jar;C:\Users\2438044\.m2\repository\io\cucumber\teamcity-formatter\0.1.1\teamcity-formatter-0.1.1.jar;C:\Users\2438044\.m2\repository\io\cucumber\testng-xml-formatter\0.6.0\testng-xml-formatter-0.6.0.jar;C:\Users\2438044\.m2\repository\io\cucumber\tag-expressions\6.1.2\tag-expressions-6.1.2.jar;C:\Users\2438044\.m2\repository\io\cucumber\cucumber-expressions\18.0.1\cucumber-expressions-18.0.1.jar;C:\Users\2438044\.m2\repository\io\cucumber\cucumber-json-formatter\0.2.1\cucumber-json-formatter-0.2.1.jar;C:\Users\2438044\.m2\repository\io\cucumber\datatable\7.30.0\datatable-7.30.0.jar;C:\Users\2438044\.m2\repository\io\cucumber\cucumber-plugin\7.30.0\cucumber-plugin-7.30.0.jar;C:\Users\2438044\.m2\repository\io\cucumber\docstring\7.30.0\docstring-7.30.0.jar;C:\Users\2438044\.m2\repository\io\cucumber\html-formatter\21.15.1\html-formatter-21.15.1.jar;C:\Users\2438044\.m2\repository\io\cucumber\junit-xml-formatter\0.9.0\junit-xml-formatter-0.9.0.jar;C:\Users\2438044\.m2\repository\io\cucumber\ci-environment\10.0.1\ci-environment-10.0.1.jar;C:\Users\2438044\.m2\repository\org\apiguardian\apiguardian-api\1.1.2\apiguardian-api-1.1.2.jar;C:\Users\2438044\.m2\repository\io\cucumber\cucumber-testng\7.30.0\cucumber-testng-7.30.0.jar;C:\Users\2438044\.m2\repository\org\slf4j\slf4j-simple\2.0.13\slf4j-simple-2.0.13.jar;"/>
    <property name="java.vm.vendor" value="Oracle Corporation"/>
    <property name="sun.arch.data.model" value="64"/>
    <property name="user.variant" value=""/>
    <property name="java.vendor.url" value="https://java.oracle.com/"/>
    <property name="user.timezone" value="Asia/Calcutta"/>
    <property name="os.name" value="Windows 11"/>
    <property name="java.vm.specification.version" value="21"/>
    <property name="sun.java.launcher" value="SUN_STANDARD"/>
    <property name="user.country" value="IN"/>
    <property name="sun.boot.library.path" value="C:\Program Files\Java\jdk-21\bin"/>
    <property name="sun.java.command" value="C:\Users\2438044\AppData\Local\Temp\surefire10730339825388117930\surefirebooter-20251015154128757_3.jar C:\Users\2438044\AppData\Local\Temp\surefire10730339825388117930 2025-10-15T15-41-28_541-jvmRun1 surefire-20251015154128757_1tmp surefire_0-20251015154128757_2tmp"/>
    <property name="jdk.debug" value="release"/>
    <property name="surefire.test.class.path" value="c:\Users\2438044\OneDrive - Cognizant\Desktop\repositories\java-training\xyzbank\target\test-classes;c:\Users\2438044\OneDrive - Cognizant\Desktop\repositories\java-training\xyzbank\target\classes;C:\Users\2438044\.m2\repository\org\seleniumhq\selenium\selenium-java\4.36.0\selenium-java-4.36.0.jar;C:\Users\2438044\.m2\repository\org\seleniumhq\selenium\selenium-api\4.36.0\selenium-api-4.36.0.jar;C:\Users\2438044\.m2\repository\org\jspecify\jspecify\1.0.0\jspecify-1.0.0.jar;C:\Users\2438044\.m2\repository\org\seleniumhq\selenium\selenium-chrome-driver\4.36.0\selenium-chrome-driver-4.36.0.jar;C:\Users\2438044\.m2\repository\com\google\auto\service\auto-service-annotations\1.1.1\auto-service-annotations-1.1.1.jar;C:\Users\2438044\.m2\repository\org\seleniumhq\selenium\selenium-chromium-driver\4.36.0\selenium-chromium-driver-4.36.0.jar;C:\Users\2438044\.m2\repository\org\seleniumhq\selenium\selenium-json\4.36.0\selenium-json-4.36.0.jar;C:\Users\2438044\.m2\repository\org\seleniumhq\selenium\selenium-manager\4.36.0\selenium-manager-4.36.0.jar;C:\Users\2438044\.m2\repository\org\seleniumhq\selenium\selenium-devtools-v138\4.36.0\selenium-devtools-v138-4.36.0.jar;C:\Users\2438044\.m2\repository\org\seleniumhq\selenium\selenium-devtools-v139\4.36.0\selenium-devtools-v139-4.36.0.jar;C:\Users\2438044\.m2\repository\org\seleniumhq\selenium\selenium-devtools-v140\4.36.0\selenium-devtools-v140-4.36.0.jar;C:\Users\2438044\.m2\repository\org\seleniumhq\selenium\selenium-edge-driver\4.36.0\selenium-edge-driver-4.36.0.jar;C:\Users\2438044\.m2\repository\org\seleniumhq\selenium\selenium-firefox-driver\4.36.0\selenium-firefox-driver-4.36.0.jar;C:\Users\2438044\.m2\repository\org\seleniumhq\selenium\selenium-http\4.36.0\selenium-http-4.36.0.jar;C:\Users\2438044\.m2\repository\org\seleniumhq\selenium\selenium-ie-driver\4.36.0\selenium-ie-driver-4.36.0.jar;C:\Users\2438044\.m2\repository\org\seleniumhq\selenium\selenium-remote-driver\4.36.0\selenium-remote-driver-4.36.0.jar;C:\Users\2438044\.m2\repository\com\google\guava\guava\33.5.0-jre\guava-33.5.0-jre.jar;C:\Users\2438044\.m2\repository\com\google\guava\failureaccess\1.0.3\failureaccess-1.0.3.jar;C:\Users\2438044\.m2\repository\com\google\guava\listenablefuture\9999.0-empty-to-avoid-conflict-with-guava\listenablefuture-9999.0-empty-to-avoid-conflict-with-guava.jar;C:\Users\2438044\.m2\repository\com\google\errorprone\error_prone_annotations\2.41.0\error_prone_annotations-2.41.0.jar;C:\Users\2438044\.m2\repository\com\google\j2objc\j2objc-annotations\3.1\j2objc-annotations-3.1.jar;C:\Users\2438044\.m2\repository\io\opentelemetry\opentelemetry-api\1.54.0\opentelemetry-api-1.54.0.jar;C:\Users\2438044\.m2\repository\io\opentelemetry\opentelemetry-context\1.54.0\opentelemetry-context-1.54.0.jar;C:\Users\2438044\.m2\repository\io\opentelemetry\opentelemetry-common\1.54.0\opentelemetry-common-1.54.0.jar;C:\Users\2438044\.m2\repository\io\opentelemetry\opentelemetry-exporter-logging\1.54.0\opentelemetry-exporter-logging-1.54.0.jar;C:\Users\2438044\.m2\repository\io\opentelemetry\opentelemetry-sdk-common\1.54.0\opentelemetry-sdk-common-1.54.0.jar;C:\Users\2438044\.m2\repository\io\opentelemetry\opentelemetry-sdk-extension-autoconfigure-spi\1.54.0\opentelemetry-sdk-extension-autoconfigure-spi-1.54.0.jar;C:\Users\2438044\.m2\repository\io\opentelemetry\opentelemetry-sdk-extension-autoconfigure\1.54.0\opentelemetry-sdk-extension-autoconfigure-1.54.0.jar;C:\Users\2438044\.m2\repository\io\opentelemetry\opentelemetry-sdk-trace\1.54.0\opentelemetry-sdk-trace-1.54.0.jar;C:\Users\2438044\.m2\repository\io\opentelemetry\opentelemetry-sdk\1.54.0\opentelemetry-sdk-1.54.0.jar;C:\Users\2438044\.m2\repository\io\opentelemetry\opentelemetry-sdk-metrics\1.54.0\opentelemetry-sdk-metrics-1.54.0.jar;C:\Users\2438044\.m2\repository\io\opentelemetry\opentelemetry-sdk-logs\1.54.0\opentelemetry-sdk-logs-1.54.0.jar;C:\Users\2438044\.m2\repository\net\bytebuddy\byte-buddy\1.17.7\byte-buddy-1.17.7.jar;C:\Users\2438044\.m2\repository\org\seleniumhq\selenium\selenium-os\4.36.0\selenium-os-4.36.0.jar;C:\Users\2438044\.m2\repository\org\apache\commons\commons-exec\1.5.0\commons-exec-1.5.0.jar;C:\Users\2438044\.m2\repository\org\seleniumhq\selenium\selenium-safari-driver\4.36.0\selenium-safari-driver-4.36.0.jar;C:\Users\2438044\.m2\repository\org\seleniumhq\selenium\selenium-support\4.36.0\selenium-support-4.36.0.jar;C:\Users\2438044\.m2\repository\org\testng\testng\7.11.0\testng-7.11.0.jar;C:\Users\2438044\.m2\repository\org\slf4j\slf4j-api\2.0.16\slf4j-api-2.0.16.jar;C:\Users\2438044\.m2\repository\org\jcommander\jcommander\1.83\jcommander-1.83.jar;C:\Users\2438044\.m2\repository\org\webjars\jquery\3.7.1\jquery-3.7.1.jar;C:\Users\2438044\.m2\repository\commons-io\commons-io\2.16.1\commons-io-2.16.1.jar;C:\Users\2438044\.m2\repository\io\cucumber\cucumber-java\7.30.0\cucumber-java-7.30.0.jar;C:\Users\2438044\.m2\repository\io\cucumber\cucumber-core\7.30.0\cucumber-core-7.30.0.jar;C:\Users\2438044\.m2\repository\io\cucumber\cucumber-gherkin\7.30.0\cucumber-gherkin-7.30.0.jar;C:\Users\2438044\.m2\repository\io\cucumber\cucumber-gherkin-messages\7.30.0\cucumber-gherkin-messages-7.30.0.jar;C:\Users\2438044\.m2\repository\io\cucumber\gherkin\35.1.0\gherkin-35.1.0.jar;C:\Users\2438044\.m2\repository\org\assertj\assertj-core\3.27.5\assertj-core-3.27.5.jar;C:\Users\2438044\.m2\repository\io\cucumber\messages\29.0.1\messages-29.0.1.jar;C:\Users\2438044\.m2\repository\io\cucumber\pretty-formatter\2.3.0\pretty-formatter-2.3.0.jar;C:\Users\2438044\.m2\repository\io\cucumber\query\14.5.0\query-14.5.0.jar;C:\Users\2438044\.m2\repository\io\cucumber\teamcity-formatter\0.1.1\teamcity-formatter-0.1.1.jar;C:\Users\2438044\.m2\repository\io\cucumber\testng-xml-formatter\0.6.0\testng-xml-formatter-0.6.0.jar;C:\Users\2438044\.m2\repository\io\cucumber\tag-expressions\6.1.2\tag-expressions-6.1.2.jar;C:\Users\2438044\.m2\repository\io\cucumber\cucumber-expressions\18.0.1\cucumber-expressions-18.0.1.jar;C:\Users\2438044\.m2\repository\io\cucumber\cucumber-json-formatter\0.2.1\cucumber-json-formatter-0.2.1.jar;C:\Users\2438044\.m2\repository\io\cucumber\datatable\7.30.0\datatable-7.30.0.jar;C:\Users\2438044\.m2\repository\io\cucumber\cucumber-plugin\7.30.0\cucumber-plugin-7.30.0.jar;C:\Users\2438044\.m2\repository\io\cucumber\docstring\7.30.0\docstring-7.30.0.jar;C:\Users\2438044\.m2\repository\io\cucumber\html-formatter\21.15.1\html-formatter-21.15.1.jar;C:\Users\2438044\.m2\repository\io\cucumber\junit-xml-formatter\0.9.0\junit-xml-formatter-0.9.0.jar;C:\Users\2438044\.m2\repository\io\cucumber\ci-environment\10.0.1\ci-environment-10.0.1.jar;C:\Users\2438044\.m2\repository\org\apiguardian\apiguardian-api\1.1.2\apiguardian-api-1.1.2.jar;C:\Users\2438044\.m2\repository\io\cucumber\cucumber-testng\7.30.0\cucumber-testng-7.30.0.jar;C:\Users\2438044\.m2\repository\org\slf4j\slf4j-simple\2.0.13\slf4j-simple-2.0.13.jar;"/>
    <property name="sun.cpu.endian" value="little"/>
    <property name="user.home" value="C:\Users\2438044"/>
    <property name="user.language" value="en"/>
    <property name="java.specification.vendor" value="Oracle Corporation"/>
    <property name="java.version.date" value="2023-09-19"/>
    <property name="java.home" value="C:\Program Files\Java\jdk-21"/>
    <property name="file.separator" value="\"/>
    <property name="basedir" value="c:\Users\2438044\OneDrive - Cognizant\Desktop\repositories\java-training\xyzbank"/>
    <property name="java.vm.compressedOopsMode" value="Zero based"/>
    <property name="line.separator" value="&#10;"/>
    <property name="java.vm.specification.vendor" value="Oracle Corporation"/>
    <property name="java.specification.name" value="Java Platform API Specification"/>
    <property name="surefire.real.class.path" value="C:\Users\2438044\AppData\Local\Temp\surefire10730339825388117930\surefirebooter-20251015154128757_3.jar"/>
    <property name="user.script" value=""/>
    <property name="sun.management.compiler" value="HotSpot 64-Bit Tiered Compilers"/>
    <property name="java.runtime.version" value="21+35-LTS-2513"/>
    <property name="user.name" value="2438044"/>
    <property name="stdout.encoding" value="Cp1252"/>
    <property name="path.separator" value=";"/>
    <property name="os.version" value="10.0"/>
    <property name="java.runtime.name" value="Java(TM) SE Runtime Environment"/>
    <property name="file.encoding" value="UTF-8"/>
    <property name="java.vm.name" value="Java HotSpot(TM) 64-Bit Server VM"/>
    <property name="localRepository" value="C:\Users\2438044\.m2\repository"/>
    <property name="java.vendor.url.bug" value="https://bugreport.java.com/bugreport/"/>
    <property name="java.io.tmpdir" value="C:\Users\2438044\AppData\Local\Temp\"/>
    <property name="java.version" value="21"/>
    <property name="user.dir" value="c:\Users\2438044\OneDrive - Cognizant\Desktop\repositories\java-training\xyzbank"/>
    <property name="os.arch" value="amd64"/>
    <property name="java.vm.specification.name" value="Java Virtual Machine Specification"/>
    <property name="sun.os.patch.level" value=""/>
    <property name="native.encoding" value="Cp1252"/>
    <property name="java.library.path" value="C:\Program Files\Java\jdk-21\bin;C:\Windows\Sun\Java\bin;C:\Windows\system32;C:\Windows;C:\Program Files\Common Files\Oracle\Java\javapath;C:\Windows\system32;C:\Windows;C:\Windows\System32\Wbem;C:\Windows\System32\WindowsPowerShell\v1.0\;C:\Windows\System32\OpenSSH\;C:\Program Files\git-cola\bin;C:\Program Files\Microsoft VS Code\bin;C:\Program Files\nodejs\;C:\Program Files\Git\cmd;C:\Program Files\MySQL\MySQL Shell 8.0\bin\;C:\Users\2438044\AppData\Local\Microsoft\WindowsApps;C:\Users\2438044\AppData\Roaming\npm;c:\Users\2438044\AppData\Roaming\Code\User\globalStorage\github.copilot-chat\debugCommand;."/>
    <property name="java.vm.info" value="mixed mode, sharing"/>
    <property name="stderr.encoding" value="Cp1252"/>
    <property name="java.vendor" value="Oracle Corporation"/>
    <property name="java.vm.version" value="21+35-LTS-2513"/>
    <property name="sun.io.unicode.encoding" value="UnicodeLittle"/>
    <property name="java.class.version" value="65.0"/>
  </properties>
  <testcase name="runScenario[&quot;Successful login for a customer&quot;, &quot;XYZ Bank Customer Login and Account Verification&quot;](1)" classname="com.sin.xyzbank.runners.AccountNumberMatchTestRunner" time="7.87">
    <system-out><![CDATA[
@CustomerLogin
Scenario: Successful login for a customer                                 # file:///c:/Users/2438044/OneDrive%20-%20Cognizant/Desktop/repositories/java-training/xyzbank/src/test/resources/features/accountNumber.feature:7
User is on the home page.
  ✔ Given the user is on the XYZ Bank home page                           # com.sin.xyzbank.steps.CustomerLoginSteps.the_user_is_on_the_xyz_bank_home_page()
  ✔ When the user clicks on the Customer Login button                     # com.sin.xyzbank.steps.CustomerLoginSteps.the_user_clicks_on_the_customer_login_button()
  ✔ And the user selects their name "Hermoine Granger" from the list      # com.sin.xyzbank.steps.CustomerLoginSteps.the_user_selects_their_name_from_the_list(java.lang.String)
  ✔ And the user clicks the Login button                                  # com.sin.xyzbank.steps.CustomerLoginSteps.the_user_clicks_the_login_button()
  ✔ Then the user should be logged in and see their account number "1001" # com.sin.xyzbank.steps.CustomerLoginSteps.the_user_should_be_logged_in_and_see_their_account_number(java.lang.String)
]]></system-out>
  </testcase>
</testsuite>