<?xml version="1.0" encoding="UTF-8"?>
<!-- Generated by org.testng.reporters.JUnitReportReporter -->
<testsuite hostname="LTIN649582" failures="0" tests="1" name="com.sin.xyzbank.runners.AccountNumberMatchTestRunner" time="7.870" errors="0" timestamp="2025-10-15T15:41:38 IST" skipped="0">
  <testcase classname="com.sin.xyzbank.runners.AccountNumberMatchTestRunner" name="runScenario" time="7.870"/>
</testsuite> <!-- com.sin.xyzbank.runners.AccountNumberMatchTestRunner -->
